9-11-2020 11:54:46	This log contains information about the import schema operation into project 'ProjectBaliSQL' on computer 'DAVID-PC' by user 'david'.
9-11-2020 11:54:46	Import of database schema has started.
9-11-2020 11:54:50	Gathering database credentials
9-11-2020 11:54:50	Gathering database options
9-11-2020 11:54:50	Gathering generic database scoped configuration option
9-11-2020 11:54:50	Gathering users
9-11-2020 11:54:50	Gathering roles
9-11-2020 11:54:50	Gathering application roles
9-11-2020 11:54:50	Gathering role memberships
9-11-2020 11:54:50	Gathering filegroups
9-11-2020 11:54:50	Gathering full-text catalogs
9-11-2020 11:54:50	Gathering assemblies
9-11-2020 11:54:50	Gathering certificates
9-11-2020 11:54:50	Gathering asymmetric keys
9-11-2020 11:54:50	Gathering symmetric keys
9-11-2020 11:54:50	Gathering encrypted symmetric keys
9-11-2020 11:54:50	Gathering schemas
9-11-2020 11:54:50	Gathering XML schema collections
9-11-2020 11:54:50	Gathering user-defined data types
9-11-2020 11:54:50	Gathering user-defined types
9-11-2020 11:54:50	Gathering table types
9-11-2020 11:54:50	Gathering unique keys for table types
9-11-2020 11:54:50	Gathering primary keys for table types
9-11-2020 11:54:50	Gathering indexes for table types
9-11-2020 11:54:50	Gathering check constraints for table types
9-11-2020 11:54:50	Gathering default constraints for table types
9-11-2020 11:54:50	Gathering partition functions
9-11-2020 11:54:50	Gathering partition schemes
9-11-2020 11:54:50	Gathering functions
9-11-2020 11:54:50	Gathering encrypted functions
9-11-2020 11:54:50	Gathering aggregates
9-11-2020 11:54:51	Gathering procedures
9-11-2020 11:54:51	Gathering encrypted procedures
9-11-2020 11:54:51	Gathering tables
9-11-2020 11:54:51	Gathering primary keys
9-11-2020 11:54:51	Gathering unique constraints
9-11-2020 11:54:51	Gathering foreign keys
9-11-2020 11:54:51	Gathering default constraints
9-11-2020 11:54:51	Gathering check constraints
9-11-2020 11:54:51	Gathering views
9-11-2020 11:54:51	Gathering encrypted views
9-11-2020 11:54:51	Gathering indexes
9-11-2020 11:54:51	Gathering statistics
9-11-2020 11:54:51	Gathering full-text index stoplists
9-11-2020 11:54:51	Gathering search property lists
9-11-2020 11:54:51	Gathering search properties
9-11-2020 11:54:51	Gathering full-text indexes
9-11-2020 11:54:51	Gathering column store indexes
9-11-2020 11:54:51	Gathering spatial indexes
9-11-2020 11:54:51	Gathering XML indexes
9-11-2020 11:54:51	Gathering Selective XML indexes
9-11-2020 11:54:51	Gathering encrypted triggers
9-11-2020 11:54:51	Gathering triggers
9-11-2020 11:54:51	Gathering encrypted and clr ddl triggers
9-11-2020 11:54:51	Gathering ddl triggers
9-11-2020 11:54:51	Gathering synonyms
9-11-2020 11:54:51	Gathering defaults
9-11-2020 11:54:51	Gathering data constraint uddt bindings
9-11-2020 11:54:51	Gathering rules
9-11-2020 11:54:51	Gathering data constraint uddt bindings
9-11-2020 11:54:51	Gathering message types
9-11-2020 11:54:51	Gathering queues
9-11-2020 11:54:51	Gathering contracts
9-11-2020 11:54:51	Gathering services
9-11-2020 11:54:51	Gathering event notifications
9-11-2020 11:54:51	Gathering remote service bindings
9-11-2020 11:54:51	Gathering broker priorities
9-11-2020 11:54:51	Gathering signatures
9-11-2020 11:54:51	Gathering data compression options
9-11-2020 11:54:51	Gathering sequence types
9-11-2020 11:54:51	Gathering security policies
9-11-2020 11:54:51	Gather column encryption keys
9-11-2020 11:54:51	Gathering column master keys
9-11-2020 11:54:51	Gathering external data sources
9-11-2020 11:54:51	Gathering external file formats
9-11-2020 11:54:51	Gathering external tables
9-11-2020 11:54:51	Gathering extended properties
9-11-2020 11:54:51	Gathering credentials
9-11-2020 11:54:51	Gathering logins
9-11-2020 11:54:51	Gathering server audits
9-11-2020 11:54:51	Scanning project for duplicate elements
9-11-2020 11:54:51	Finished duplicate element processing
9-11-2020 11:54:52	Finished importing database.
9-11-2020 11:54:52	A summary of the import was saved to the following location: C:\Users\david\source\repos\ProjectBaliSQL\Import Schema Logs\ProjectBaliSQL_20201109105446.log
9-11-2020 11:54:52	Click Finish to continue...
